<?xml version="1.0" encoding="UTF-8"?>
<!-- Generated by org.testng.reporters.JUnitReportReporter -->
<testsuite hostname="DESKTOP-ADK2TDI" failures="0" tests="2" name="currencyconvertertest.CurrencyConverterTest" time="0.019" errors="0" timestamp="2022-11-13T23:50:58 GMT" skipped="0">
  <testcase classname="currencyconvertertest.CurrencyConverterTest" name="testTextManipulation" time="0.003"/>
  <system-out/>
  <testcase classname="currencyconvertertest.CurrencyConverterTest" name="testNormalInput" time="0.016"/>
  <system-out/>
</testsuite> <!-- currencyconvertertest.CurrencyConverterTest -->
