<?xml version="1.0" encoding="UTF-8"?>
<!-- Generated by org.testng.reporters.JUnitReportReporter -->
<testsuite hostname="DESKTOP-ADK2TDI" failures="0" tests="7" name="currencyconvertertest.CurrencyConverterTest" time="0.015" errors="0" timestamp="2022-11-14T02:11:28 GMT" skipped="0">
  <testcase classname="currencyconvertertest.CurrencyConverterTest" name="testLargeAmount" time="0.012"/>
  <system-out/>
  <testcase classname="currencyconvertertest.CurrencyConverterTest" name="testRandomAmount" time="0.000"/>
  <system-out/>
  <testcase classname="currencyconvertertest.CurrencyConverterTest" name="testTextManipulation" time="0.001"/>
  <system-out/>
  <testcase classname="currencyconvertertest.CurrencyConverterTest" name="testNoInput" time="0.000"/>
  <system-out/>
  <testcase classname="currencyconvertertest.CurrencyConverterTest" name="testRandomCharacter" time="0.001"/>
  <system-out/>
  <testcase classname="currencyconvertertest.CurrencyConverterTest" name="testStandardOutput" time="0.001"/>
  <system-out/>
  <testcase classname="currencyconvertertest.CurrencyConverterTest" name="testNormalInput" time="0.000"/>
  <system-out/>
</testsuite> <!-- currencyconvertertest.CurrencyConverterTest -->
